0 info it worked if it ends with ok
1 verbose cli [ 'D:\\Program Files\\nodejs\\node.exe',
1 verbose cli   'D:\\Program Files\\nodejs\\node_modules\\npm\\bin\\npm-cli.js',
1 verbose cli   'run',
1 verbose cli   'dev' ]
2 info using npm@3.10.10
3 info using node@v6.10.3
4 verbose run-script [ 'predev', 'dev', 'postdev' ]
5 info lifecycle comti@0.0.2~predev: comti@0.0.2
6 silly lifecycle comti@0.0.2~predev: no script for predev, continuing
7 info lifecycle comti@0.0.2~dev: comti@0.0.2
8 verbose lifecycle comti@0.0.2~dev: unsafe-perm in lifecycle true
9 verbose lifecycle comti@0.0.2~dev: PATH: D:\Program Files\nodejs\node_modules\npm\bin\node-gyp-bin;D:\work\project\comti\node_modules\.bin;C:\Program Files (x86)\Intel\iCLS Client\;C:\Program Files\Intel\iCLS Client\;C:\Windows\system32;C:\Windows;C:\Windows\System32\Wbem;C:\Windows\System32\WindowsPowerShell\v1.0\;C:\Program Files (x86)\NVIDIA Corporation\PhysX\Common;C:\Program Files (x86)\Intel\Intel(R) Management Engine Components\DAL;C:\Program Files\Intel\Intel(R) Management Engine Components\DAL;C:\Program Files (x86)\Intel\Intel(R) Management Engine Components\IPT;C:\Program Files\Intel\Intel(R) Management Engine Components\IPT;D:\Program Files\nodejs\;D:\Program Files\Git\cmd;D:\Program Files (x86)\Yarn\bin\;D:\Program Files\TortoiseSVN\bin;C:\Users\25269\AppData\Local\Microsoft\WindowsApps;C:\Users\25269\AppData\Roaming\npm;C:\Users\25269\AppData\Local\Yarn\bin;C:\Users\25269\AppData\Local\GitHubDesktop\bin
10 verbose lifecycle comti@0.0.2~dev: CWD: D:\work\project\comti
11 silly lifecycle comti@0.0.2~dev: Args: [ '/d /s /c', 'wepy build --watch' ]
12 silly lifecycle comti@0.0.2~dev: Returned: code: 3221225786  signal: null
13 info lifecycle comti@0.0.2~dev: Failed to exec dev script
14 verbose stack Error: comti@0.0.2 dev: `wepy build --watch`
14 verbose stack Exit status 3221225786
14 verbose stack     at EventEmitter.<anonymous> (D:\Program Files\nodejs\node_modules\npm\lib\utils\lifecycle.js:255:16)
14 verbose stack     at emitTwo (events.js:106:13)
14 verbose stack     at EventEmitter.emit (events.js:191:7)
14 verbose stack     at ChildProcess.<anonymous> (D:\Program Files\nodejs\node_modules\npm\lib\utils\spawn.js:40:14)
14 verbose stack     at emitTwo (events.js:106:13)
14 verbose stack     at ChildProcess.emit (events.js:191:7)
14 verbose stack     at maybeClose (internal/child_process.js:886:16)
14 verbose stack     at Process.ChildProcess._handle.onexit (internal/child_process.js:226:5)
15 verbose pkgid comti@0.0.2
16 verbose cwd D:\work\project\comti
17 error Windows_NT 10.0.16299
18 error argv "D:\\Program Files\\nodejs\\node.exe" "D:\\Program Files\\nodejs\\node_modules\\npm\\bin\\npm-cli.js" "run" "dev"
19 error node v6.10.3
20 error npm  v3.10.10
21 error code ELIFECYCLE
22 error comti@0.0.2 dev: `wepy build --watch`
22 error Exit status 3221225786
23 error Failed at the comti@0.0.2 dev script 'wepy build --watch'.
23 error Make sure you have the latest version of node.js and npm installed.
23 error If you do, this is most likely a problem with the comti package,
23 error not with npm itself.
23 error Tell the author that this fails on your system:
23 error     wepy build --watch
23 error You can get information on how to open an issue for this project with:
23 error     npm bugs comti
23 error Or if that isn't available, you can get their info via:
23 error     npm owner ls comti
23 error There is likely additional logging output above.
24 verbose exit [ 1, true ]
